  DirectXScene.cpp
D:\DirectX SDK\Include\dxgitype.h(12,1): warning C4005: DXGI_STATUS_OCCLUDED: изменение макроопределения
C:\Program Files (x86)\Windows Kits\10\Include\10.0.19041.0\shared\winerror.h(56388): message : см. предыдущее определение "DXGI_STATUS_OCCLUDED"
D:\DirectX SDK\Include\dxgitype.h(13,1): warning C4005: DXGI_STATUS_CLIPPED: изменение макроопределения
C:\Program Files (x86)\Windows Kits\10\Include\10.0.19041.0\shared\winerror.h(56397): message : см. предыдущее определение "DXGI_STATUS_CLIPPED"
D:\DirectX SDK\Include\dxgitype.h(14,1): warning C4005: DXGI_STATUS_NO_REDIRECTION: изменение макроопределения
C:\Program Files (x86)\Windows Kits\10\Include\10.0.19041.0\shared\winerror.h(56406): message : см. предыдущее определение "DXGI_STATUS_NO_REDIRECTION"
D:\DirectX SDK\Include\dxgitype.h(15,1): warning C4005: DXGI_STATUS_NO_DESKTOP_ACCESS: изменение макроопределения
C:\Program Files (x86)\Windows Kits\10\Include\10.0.19041.0\shared\winerror.h(56415): message : см. предыдущее определение "DXGI_STATUS_NO_DESKTOP_ACCESS"
D:\DirectX SDK\Include\dxgitype.h(16,1): warning C4005: DXGI_STATUS_GRAPHICS_VIDPN_SOURCE_IN_USE: изменение макроопределения
C:\Program Files (x86)\Windows Kits\10\Include\10.0.19041.0\shared\winerror.h(56424): message : см. предыдущее определение "DXGI_STATUS_GRAPHICS_VIDPN_SOURCE_IN_USE"
D:\DirectX SDK\Include\dxgitype.h(17,1): warning C4005: DXGI_STATUS_MODE_CHANGED: изменение макроопределения
C:\Program Files (x86)\Windows Kits\10\Include\10.0.19041.0\shared\winerror.h(56433): message : см. предыдущее определение "DXGI_STATUS_MODE_CHANGED"
D:\DirectX SDK\Include\dxgitype.h(18,1): warning C4005: DXGI_STATUS_MODE_CHANGE_IN_PROGRESS: изменение макроопределения
C:\Program Files (x86)\Windows Kits\10\Include\10.0.19041.0\shared\winerror.h(56442): message : см. предыдущее определение "DXGI_STATUS_MODE_CHANGE_IN_PROGRESS"
D:\DirectX SDK\Include\dxgitype.h(21,1): warning C4005: DXGI_ERROR_INVALID_CALL: изменение макроопределения
C:\Program Files (x86)\Windows Kits\10\Include\10.0.19041.0\shared\winerror.h(56457): message : см. предыдущее определение "DXGI_ERROR_INVALID_CALL"
D:\DirectX SDK\Include\dxgitype.h(22,1): warning C4005: DXGI_ERROR_NOT_FOUND: изменение макроопределения
C:\Program Files (x86)\Windows Kits\10\Include\10.0.19041.0\shared\winerror.h(56466): message : см. предыдущее определение "DXGI_ERROR_NOT_FOUND"
D:\DirectX SDK\Include\dxgitype.h(23,1): warning C4005: DXGI_ERROR_MORE_DATA: изменение макроопределения
C:\Program Files (x86)\Windows Kits\10\Include\10.0.19041.0\shared\winerror.h(56475): message : см. предыдущее определение "DXGI_ERROR_MORE_DATA"
D:\DirectX SDK\Include\dxgitype.h(24,1): warning C4005: DXGI_ERROR_UNSUPPORTED: изменение макроопределения
C:\Program Files (x86)\Windows Kits\10\Include\10.0.19041.0\shared\winerror.h(56484): message : см. предыдущее определение "DXGI_ERROR_UNSUPPORTED"
D:\DirectX SDK\Include\dxgitype.h(25,1): warning C4005: DXGI_ERROR_DEVICE_REMOVED: изменение макроопределения
C:\Program Files (x86)\Windows Kits\10\Include\10.0.19041.0\shared\winerror.h(56493): message : см. предыдущее определение "DXGI_ERROR_DEVICE_REMOVED"
D:\DirectX SDK\Include\dxgitype.h(26,1): warning C4005: DXGI_ERROR_DEVICE_HUNG: изменение макроопределения
C:\Program Files (x86)\Windows Kits\10\Include\10.0.19041.0\shared\winerror.h(56502): message : см. предыдущее определение "DXGI_ERROR_DEVICE_HUNG"
D:\DirectX SDK\Include\dxgitype.h(27,1): warning C4005: DXGI_ERROR_DEVICE_RESET: изменение макроопределения
C:\Program Files (x86)\Windows Kits\10\Include\10.0.19041.0\shared\winerror.h(56512): message : см. предыдущее определение "DXGI_ERROR_DEVICE_RESET"
D:\DirectX SDK\Include\dxgitype.h(28,1): warning C4005: DXGI_ERROR_WAS_STILL_DRAWING: изменение макроопределения
C:\Program Files (x86)\Windows Kits\10\Include\10.0.19041.0\shared\winerror.h(56521): message : см. предыдущее определение "DXGI_ERROR_WAS_STILL_DRAWING"
D:\DirectX SDK\Include\dxgitype.h(29,1): warning C4005: DXGI_ERROR_FRAME_STATISTICS_DISJOINT: изменение макроопределения
C:\Program Files (x86)\Windows Kits\10\Include\10.0.19041.0\shared\winerror.h(56531): message : см. предыдущее определение "DXGI_ERROR_FRAME_STATISTICS_DISJOINT"
D:\DirectX SDK\Include\dxgitype.h(30,1): warning C4005: DXGI_ERROR_GRAPHICS_VIDPN_SOURCE_IN_USE: изменение макроопределения
C:\Program Files (x86)\Windows Kits\10\Include\10.0.19041.0\shared\winerror.h(56540): message : см. предыдущее определение "DXGI_ERROR_GRAPHICS_VIDPN_SOURCE_IN_USE"
D:\DirectX SDK\Include\dxgitype.h(31,1): warning C4005: DXGI_ERROR_DRIVER_INTERNAL_ERROR: изменение макроопределения
C:\Program Files (x86)\Windows Kits\10\Include\10.0.19041.0\shared\winerror.h(56550): message : см. предыдущее определение "DXGI_ERROR_DRIVER_INTERNAL_ERROR"
D:\DirectX SDK\Include\dxgitype.h(32,1): warning C4005: DXGI_ERROR_NONEXCLUSIVE: изменение макроопределения
C:\Program Files (x86)\Windows Kits\10\Include\10.0.19041.0\shared\winerror.h(56559): message : см. предыдущее определение "DXGI_ERROR_NONEXCLUSIVE"
D:\DirectX SDK\Include\dxgitype.h(33,1): warning C4005: DXGI_ERROR_NOT_CURRENTLY_AVAILABLE: изменение макроопределения
C:\Program Files (x86)\Windows Kits\10\Include\10.0.19041.0\shared\winerror.h(56568): message : см. предыдущее определение "DXGI_ERROR_NOT_CURRENTLY_AVAILABLE"
D:\DirectX SDK\Include\dxgitype.h(34,1): warning C4005: DXGI_ERROR_REMOTE_CLIENT_DISCONNECTED: изменение макроопределения
C:\Program Files (x86)\Windows Kits\10\Include\10.0.19041.0\shared\winerror.h(56578): message : см. предыдущее определение "DXGI_ERROR_REMOTE_CLIENT_DISCONNECTED"
D:\DirectX SDK\Include\dxgitype.h(35,1): warning C4005: DXGI_ERROR_REMOTE_OUTOFMEMORY: изменение макроопределения
C:\Program Files (x86)\Windows Kits\10\Include\10.0.19041.0\shared\winerror.h(56587): message : см. предыдущее определение "DXGI_ERROR_REMOTE_OUTOFMEMORY"
D:\DirectX SDK\Include\d3d11.h(917,1): warning C4005: D3D11_ERROR_TOO_MANY_UNIQUE_STATE_OBJECTS: изменение макроопределения
C:\Program Files (x86)\Windows Kits\10\Include\10.0.19041.0\shared\winerror.h(56865): message : см. предыдущее определение "D3D11_ERROR_TOO_MANY_UNIQUE_STATE_OBJECTS"
D:\DirectX SDK\Include\d3d11.h(918,1): warning C4005: D3D11_ERROR_FILE_NOT_FOUND: изменение макроопределения
C:\Program Files (x86)\Windows Kits\10\Include\10.0.19041.0\shared\winerror.h(56874): message : см. предыдущее определение "D3D11_ERROR_FILE_NOT_FOUND"
D:\DirectX SDK\Include\d3d11.h(919,1): warning C4005: D3D11_ERROR_TOO_MANY_UNIQUE_VIEW_OBJECTS: изменение макроопределения
C:\Program Files (x86)\Windows Kits\10\Include\10.0.19041.0\shared\winerror.h(56884): message : см. предыдущее определение "D3D11_ERROR_TOO_MANY_UNIQUE_VIEW_OBJECTS"
D:\DirectX SDK\Include\d3d11.h(920,1): warning C4005: D3D11_ERROR_DEFERRED_CONTEXT_MAP_WITHOUT_INITIAL_DISCARD: изменение макроопределения
C:\Program Files (x86)\Windows Kits\10\Include\10.0.19041.0\shared\winerror.h(56893): message : см. предыдущее определение "D3D11_ERROR_DEFERRED_CONTEXT_MAP_WITHOUT_INITIAL_DISCARD"
D:\DirectX SDK\Include\d3d10.h(608,1): warning C4005: D3D10_ERROR_TOO_MANY_UNIQUE_STATE_OBJECTS: изменение макроопределения
C:\Program Files (x86)\Windows Kits\10\Include\10.0.19041.0\shared\winerror.h(56841): message : см. предыдущее определение "D3D10_ERROR_TOO_MANY_UNIQUE_STATE_OBJECTS"
D:\DirectX SDK\Include\d3d10.h(609,1): warning C4005: D3D10_ERROR_FILE_NOT_FOUND: изменение макроопределения
C:\Program Files (x86)\Windows Kits\10\Include\10.0.19041.0\shared\winerror.h(56850): message : см. предыдущее определение "D3D10_ERROR_FILE_NOT_FOUND"
D:\DirectX SDK\Include\xnamath.h(2662,52): warning C4838: Преобразование из "unsigned int" в "INT" требует сужающего преобразования.
D:\DirectX SDK\Include\xnamath.h(2662,64): warning C4838: Преобразование из "unsigned int" в "INT" требует сужающего преобразования.
D:\DirectX SDK\Include\xnamath.h(2662,76): warning C4838: Преобразование из "unsigned int" в "INT" требует сужающего преобразования.
D:\DirectX SDK\Include\xnamath.h(2662,88): warning C4838: Преобразование из "unsigned int" в "INT" требует сужающего преобразования.
D:\DirectX SDK\Include\xnamath.h(2663,52): warning C4838: Преобразование из "unsigned int" в "INT" требует сужающего преобразования.
D:\DirectX SDK\Include\xnamath.h(2663,64): warning C4838: Преобразование из "unsigned int" в "INT" требует сужающего преобразования.
D:\DirectX SDK\Include\xnamath.h(2663,76): warning C4838: Преобразование из "unsigned int" в "INT" требует сужающего преобразования.
D:\DirectX SDK\Include\xnamath.h(2664,52): warning C4838: Преобразование из "unsigned int" в "INT" требует сужающего преобразования.
D:\DirectX SDK\Include\xnamath.h(2664,64): warning C4838: Преобразование из "unsigned int" в "INT" требует сужающего преобразования.
D:\DirectX SDK\Include\xnamath.h(2664,76): warning C4838: Преобразование из "unsigned int" в "INT" требует сужающего преобразования.
D:\DirectX SDK\Include\xnamath.h(2665,52): warning C4838: Преобразование из "unsigned int" в "INT" требует сужающего преобразования.
D:\DirectX SDK\Include\xnamath.h(2666,64): warning C4838: Преобразование из "unsigned int" в "INT" требует сужающего преобразования.
D:\DirectX SDK\Include\xnamath.h(2667,76): warning C4838: Преобразование из "unsigned int" в "INT" требует сужающего преобразования.
D:\DirectX SDK\Include\xnamath.h(2668,88): warning C4838: Преобразование из "unsigned int" в "INT" требует сужающего преобразования.
D:\DirectX SDK\Include\xnamath.h(2689,46): warning C4838: Преобразование из "unsigned int" в "INT" требует сужающего преобразования.
D:\DirectX SDK\Include\xnamath.h(2689,58): warning C4838: Преобразование из "unsigned int" в "INT" требует сужающего преобразования.
D:\DirectX SDK\Include\xnamath.h(2689,70): warning C4838: Преобразование из "unsigned int" в "INT" требует сужающего преобразования.
D:\DirectX SDK\Include\xnamath.h(2689,82): warning C4838: Преобразование из "unsigned int" в "INT" требует сужающего преобразования.
D:\DirectX SDK\Include\xnamath.h(2690,88): warning C4838: Преобразование из "unsigned int" в "INT" требует сужающего преобразования.
D:\DirectX SDK\Include\xnamath.h(2691,88): warning C4838: Преобразование из "unsigned int" в "INT" требует сужающего преобразования.
D:\DirectX SDK\Include\xnamath.h(2694,88): warning C4838: Преобразование из "unsigned int" в "INT" требует сужающего преобразования.
D:\DirectX SDK\Include\xnamath.h(2695,88): warning C4838: Преобразование из "unsigned int" в "INT" требует сужающего преобразования.
D:\DirectX SDK\Include\xnamath.h(2698,64): warning C4838: Преобразование из "unsigned int" в "INT" требует сужающего преобразования.
D:\DirectX SDK\Include\xnamath.h(2702,76): warning C4838: Преобразование из "unsigned int" в "INT" требует сужающего преобразования.
D:\DirectX SDK\Include\xnamath.h(2702,88): warning C4838: Преобразование из "unsigned int" в "INT" требует сужающего преобразования.
D:\DirectX SDK\Include\xnamath.h(2712,65): warning C4838: Преобразование из "unsigned int" в "INT" требует сужающего преобразования.
D:\DirectX SDK\Include\xnamath.h(2712,91): warning C4838: Преобразование из "unsigned int" в "INT" требует сужающего преобразования.
D:\DirectX SDK\Include\xnamath.h(2713,52): warning C4838: Преобразование из "unsigned int" в "INT" требует сужающего преобразования.
D:\DirectX SDK\Include\xnamath.h(2713,78): warning C4838: Преобразование из "unsigned int" в "INT" требует сужающего преобразования.
D:\DirectX SDK\Include\xnamath.h(2715,52): warning C4838: Преобразование из "unsigned int" в "INT" требует сужающего преобразования.
D:\DirectX SDK\Include\xnamath.h(2716,52): warning C4838: Преобразование из "unsigned int" в "INT" требует сужающего преобразования.
D:\DirectX SDK\Include\xnamath.h(2716,65): warning C4838: Преобразование из "unsigned int" в "INT" требует сужающего преобразования.
D:\DirectX SDK\Include\xnamath.h(2717,52): warning C4838: Преобразование из "unsigned int" в "INT" требует сужающего преобразования.
D:\DirectX SDK\Include\xnamath.h(2717,65): warning C4838: Преобразование из "unsigned int" в "INT" требует сужающего преобразования.
D:\DirectX SDK\Include\xnamath.h(2717,78): warning C4838: Преобразование из "unsigned int" в "INT" требует сужающего преобразования.
D:\DirectX SDK\Include\xnamath.h(2727,54): warning C4838: Преобразование из "unsigned int" в "INT" требует сужающего преобразования.
D:\DirectX SDK\Include\xnamath.h(2728,56): warning C4838: Преобразование из "unsigned int" в "INT" требует сужающего преобразования.
D:\DirectX SDK\Include\xnamath.h(2729,58): warning C4838: Преобразование из "unsigned int" в "INT" требует сужающего преобразования.
D:\DirectX SDK\Include\xnamath.h(2730,54): warning C4838: Преобразование из "unsigned int" в "INT" требует сужающего преобразования.
D:\DirectX SDK\Include\xnamath.h(2730,65): warning C4838: Преобразование из "unsigned int" в "INT" требует сужающего преобразования.
D:\DirectX SDK\Include\xnamath.h(2731,56): warning C4838: Преобразование из "unsigned int" в "INT" требует сужающего преобразования.
D:\DirectX SDK\Include\xnamath.h(2731,67): warning C4838: Преобразование из "unsigned int" в "INT" требует сужающего преобразования.
D:\DirectX SDK\Include\xnamath.h(2732,54): warning C4838: Преобразование из "unsigned int" в "INT" требует сужающего преобразования.
D:\DirectX SDK\Include\xnamath.h(2732,67): warning C4838: Преобразование из "unsigned int" в "INT" требует сужающего преобразования.
D:\DirectX SDK\Include\xnamath.h(2742,60): warning C4838: Преобразование из "unsigned int" в "INT" требует сужающего преобразования.
D:\DirectX SDK\Include\xnamath.h(2742,79): warning C4838: Преобразование из "unsigned int" в "INT" требует сужающего преобразования.
D:\DirectX SDK\Include\xnamath.h(2743,70): warning C4838: Преобразование из "unsigned int" в "INT" требует сужающего преобразования.
D:\DirectX SDK\Include\xnamath.h(2754,73): warning C4838: Преобразование из "unsigned int" в "INT" требует сужающего преобразования.
D:\DirectX SDK\Include\xnamathconvert.inl(2254,71): warning C4838: Преобразование из "unsigned int" в "INT" требует сужающего преобразования.
D:\DirectX SDK\Include\xnamathconvert.inl(4523,69): warning C4838: Преобразование из "unsigned int" в "INT" требует сужающего преобразования.
D:\DirectX SDK\Include\xnamathconvert.inl(4577,68): warning C4838: Преобразование из "unsigned int" в "INT" требует сужающего преобразования.
D:\DirectX SDK\Include\xnamathconvert.inl(4639,65): warning C4838: Преобразование из "unsigned int" в "INT" требует сужающего преобразования.
D:\DirectX SDK\Include\xnamathconvert.inl(4707,64): warning C4838: Преобразование из "unsigned int" в "INT" требует сужающего преобразования.
D:\DirectX SDK\Include\xnamathconvert.inl(4770,64): warning C4838: Преобразование из "unsigned int" в "INT" требует сужающего преобразования.
D:\DirectX SDK\Include\xnamathconvert.inl(4832,63): warning C4838: Преобразование из "unsigned int" в "INT" требует сужающего преобразования.
D:\DirectX SDK\Include\xnamathvector.inl(1269,45): warning C4838: Преобразование из "unsigned int" в "INT" требует сужающего преобразования.
D:\DirectX SDK\Include\xnamathvector.inl(1269,56): warning C4838: Преобразование из "unsigned int" в "INT" требует сужающего преобразования.
D:\DirectX SDK\Include\xnamathvector.inl(1269,67): warning C4838: Преобразование из "unsigned int" в "INT" требует сужающего преобразования.
D:\DirectX SDK\Include\xnamathvector.inl(1269,78): warning C4838: Преобразование из "unsigned int" в "INT" требует сужающего преобразования.
D:\DirectX SDK\Include\xnamathmisc.inl(518,43): warning C4838: Преобразование из "unsigned int" в "INT" требует сужающего преобразования.
D:\DirectX SDK\Include\xnamathmisc.inl(519,40): warning C4838: Преобразование из "unsigned int" в "INT" требует сужающего преобразования.
D:\DirectX SDK\Include\xnamathmisc.inl(519,51): warning C4838: Преобразование из "unsigned int" в "INT" требует сужающего преобразования.
DirectXScene.obj : warning LNK4075: не учитывается "/EDITANDCONTINUE" из-за спецификации "/SAFESEH"
  DirectXScene_2010.vcxproj -> C:\Users\Timofei\Documents\Visual Studio Projects\DirectXSamples\DirectXScene\Debug\DirectXScene.exe
